

/*
	Generated by the Particle Editor.
	To use the particle editor, launch the game and type 'editParticles' on the console.
*/
particle chex_beam {
	{
		count				12
		material			textures/particles/s_lightning2
		time				0.450
		cycles				0.000
		bunching			0.700
		distribution		rect 0.000 0.000 0.000 
		direction			cone "50.000" 
		orientation			view 
		customPath flies 3.000 5.000 4.000 
		speed				 "1.000"  to "5.000"
		size				 "4.500"  to "7.500"
		aspect				 "1.000" 
		randomDistribution				1
		boundsExpansion				0.000
		fadeIn				0.050
		fadeOut				0.150
		fadeIndex				0.000
		color 				0.980 0.400 0.420 1.000
		fadeColor 			0.430 0.070 0.090 1.000
		offset 				0.000 0.000 0.000
		gravity 			world 10.000
	}
}