

/*
	Generated by the Particle Editor.
	To use the particle editor, launch the game and type 'editParticles' on the console.
*/
particle chex_steamblast_colored {
	depthHack	20
	{
		count				16
		material			textures/particles/smokepuff
		time				1.000
		cycles				0.000
		bunching			1.000
		distribution		rect 0.000 0.000 0.000 
		direction			outward "15.000" 
		orientation			view 
		entityColor			1
		speed				 "9.000"  to "17.000"
		size				 "10.000"  to "50.500"
		aspect				 "0.000"  to "2.500"
		randomDistribution				1
		boundsExpansion				0.000
		fadeIn				0.200
		fadeOut				1.000
		fadeIndex				0.000
		color 				1.000 1.000 1.000 1.000
		fadeColor 			0.000 0.000 0.000 0.000
		offset 				0.000 0.000 0.000
		gravity 			3.000
	}
}