

/*
	Generated by the Particle Editor.
	To use the particle editor, launch the game and type 'editParticles' on the console.
*/
particle cly_flame {
	{
		count				12
		material			textures/particles/boomboom2
		time				0.350
		cycles				0.000
		bunching			1.000
		distribution		cylinder 1.000 1.000 1.000 0.000 
		direction			cone "0.000" 
		orientation			view 
		speed				 "-103.000"  to "-86.000"
		size				 "16.500"  to "13.500"
		aspect				 "1.000" 
		randomDistribution				1
		boundsExpansion				0.000
		fadeIn				0.100
		fadeOut				0.650
		fadeIndex				0.000
		color 				0.310 0.400 0.670 1.000
		fadeColor 			0.000 0.000 0.000 0.000
		offset 				2.000 0.000 -15.000
		gravity 			0.000
	}
	{
		count				12
		material			textures/particles/boomboom2
		time				0.350
		cycles				0.000
		bunching			1.000
		distribution		cylinder 1.000 1.000 1.000 0.000 
		direction			cone "0.000" 
		orientation			view 
		speed				 "-77.000"  to "-120.000"
		size				 "13.500"  to "10.000"
		aspect				 "1.000" 
		rotation				 "100.000"  to "0.000"
		randomDistribution				1
		boundsExpansion				0.000
		fadeIn				0.250
		fadeOut				1.000
		fadeIndex				0.000
		color 				0.150 0.290 0.700 1.000
		fadeColor 			0.000 0.000 0.000 0.000
		offset 				2.000 0.000 -15.000
		gravity 			0.000
	}
}