

/*
	Generated by the Particle Editor.
	To use the particle editor, launch the game and type 'editParticles' on the console.
*/
particle zorch {
	{
		count				236
		material			textures/chex/particles/zorch
		time				1.300
		cycles				0.000
		bunching			1.000
		distribution		rect 50.000 50.000 23.000 
		direction			cone "100.000" 
		orientation			view 
		customPath helix 20.000 20.000 20.000 5.000 15.000 
		speed				 "4.000"  to "17.000"
		size				 "13.000"  to "1.000"
		aspect				 "1.000" 
		rotation				 "71.000"  to "24.000"
		randomDistribution				1
		boundsExpansion				0.000
		fadeIn				0.150
		fadeOut				0.800
		fadeIndex				0.000
		color 				0.930 0.320 0.210 1.000
		fadeColor 			0.130 0.930 0.820 1.000
		offset 				0.000 0.000 10.000
		gravity 			world -41.000
	}
	{
		count				2
		material			textures/sfx/vp1band
		time				1.500
		cycles				0.000
		bunching			1.000
		distribution		rect 20.000 20.000 8.000 
		direction			cone "90.000" 
		orientation			view 
		speed				 "0.000" 
		size				 "90.500"  to "41.000"
		aspect				 "1.000" 
		rotation				 "24.000"  to "42.000"
		randomDistribution				1
		boundsExpansion				0.000
		fadeIn				0.100
		fadeOut				0.250
		fadeIndex				0.000
		color 				1.000 1.000 1.000 1.000
		fadeColor 			0.000 0.000 0.000 0.000
		offset 				0.000 0.000 0.000
		gravity 			0.500
	}
}